<?xml version="1.0" encoding="UTF-8"?>
<testsuite xmlns:xsi="http://www.w3.org/2001/XMLSchema-instance" xsi:noNamespaceSchemaLocation="https://maven.apache.org/surefire/maven-surefire-plugin/xsd/surefire-test-report-3.0.xsd" version="3.0" name="com.codurance.limiter.DistributedHighThroughputRateLimiterTest" time="3.267" tests="9" errors="0" skipped="0" failures="0">
  <properties>
[...]
</properties>
  <testcase name="edgeCase_zeroLimit" classname="com.codurance.limiter.DistributedHighThroughputRateLimiterTest" time="0.018"/>
  <testcase name="allowsUnderLimit" classname="com.codurance.limiter.DistributedHighThroughputRateLimiterTest" time="0.014"/>
  <testcase name="circuitBreakerOpensOnPersistentFailure" classname="com.codurance.limiter.DistributedHighThroughputRateLimiterTest" time="0.503"/>
  <testcase name="retrySucceedsOnTransientFailure" classname="com.codurance.limiter.DistributedHighThroughputRateLimiterTest" time="0.506"/>
  <testcase name="flushesBatchedDeltasToStore" classname="com.codurance.limiter.DistributedHighThroughputRateLimiterTest" time="0.205"/>
  <testcase name="highConcurrencyManyParallelRequests" classname="com.codurance.limiter.DistributedHighThroughputRateLimiterTest" time="1.242"/>
  <testcase name="blocksWhenOverLimit_localPending" classname="com.codurance.limiter.DistributedHighThroughputRateLimiterTest" time="0.018"/>
  <testcase name="concurrentRequests" classname="com.codurance.limiter.DistributedHighThroughputRateLimiterTest" time="0.206"/>
  <testcase name="stressSimulation_manyRequests" classname="com.codurance.limiter.DistributedHighThroughputRateLimiterTest" time="0.523"/>
</testsuite>